The system is: Windows - 10.0.17763 - AMD64
Compiling the C compiler identification source file "CMakeCCompilerId.c" succeeded.
Compiler: C:/cygwin64/bin/gcc.exe 
Build flags: 
Id flags:  

The output was:
0


Compilation of the C compiler identification source "CMakeCCompilerId.c" produced "a.exe"

The C compiler identification is GNU, found in "C:/Users/Socrasthy/Desktop/test/mastering_cmake/A/build/CMakeFiles/3.19.1/CompilerIdC/a.exe"

Compiling the CXX compiler identification source file "CMakeCXXCompilerId.cpp" succeeded.
Compiler: C:/cygwin64/bin/g++.exe 
Build flags: 
Id flags:  

The output was:
0


Compilation of the CXX compiler identification source "CMakeCXXCompilerId.cpp" produced "a.exe"

The CXX compiler identification is GNU, found in "C:/Users/Socrasthy/Desktop/test/mastering_cmake/A/build/CMakeFiles/3.19.1/CompilerIdCXX/a.exe"

Determining if the C compiler works passed with the following output:
Change Dir: C:/Users/Socrasthy/Desktop/test/mastering_cmake/A/build/CMakeFiles/CMakeTmp

Run Build Command(s):nmake /nologo cmTC_45884\fast && 	nmake  -f CMakeFiles\cmTC_45884.dir\build.make /nologo -L                  CMakeFiles\cmTC_45884.dir\build
Building C object CMakeFiles/cmTC_45884.dir/testCCompiler.c.obj
	C:\cygwin64\bin\gcc.exe    -o CMakeFiles\cmTC_45884.dir\testCCompiler.c.obj -c C:\Users\Socrasthy\Desktop\test\mastering_cmake\A\build\CMakeFiles\CMakeTmp\testCCompiler.c
Linking C executable cmTC_45884.exe
	"C:\Program Files (x86)\CMake\bin\cmake.exe" -E rm -f CMakeFiles\cmTC_45884.dir/objects.a
	C:\cygwin64\bin\ar.exe cr CMakeFiles\cmTC_45884.dir/objects.a @CMakeFiles\cmTC_45884.dir\objects1.rsp
	C:\cygwin64\bin\gcc.exe -Wl,--whole-archive CMakeFiles\cmTC_45884.dir/objects.a -Wl,--no-whole-archive -o cmTC_45884.exe -Wl,--out-implib,libcmTC_45884.dll.a -Wl,--major-image-version,0,--minor-image-version,0



Determining if the CXX compiler works passed with the following output:
Change Dir: C:/Users/Socrasthy/Desktop/test/mastering_cmake/A/build/CMakeFiles/CMakeTmp

Run Build Command(s):nmake /nologo cmTC_7024a\fast && 	nmake  -f CMakeFiles\cmTC_7024a.dir\build.make /nologo -L                  CMakeFiles\cmTC_7024a.dir\build
Building CXX object CMakeFiles/cmTC_7024a.dir/testCXXCompiler.cxx.o
	C:\cygwin64\bin\g++.exe    -o CMakeFiles\cmTC_7024a.dir\testCXXCompiler.cxx.o -c C:\Users\Socrasthy\Desktop\test\mastering_cmake\A\build\CMakeFiles\CMakeTmp\testCXXCompiler.cxx
Linking CXX executable cmTC_7024a.exe
	"C:\Program Files (x86)\CMake\bin\cmake.exe" -E rm -f CMakeFiles\cmTC_7024a.dir/objects.a
	C:\cygwin64\bin\ar.exe cr CMakeFiles\cmTC_7024a.dir/objects.a @CMakeFiles\cmTC_7024a.dir\objects1.rsp
	C:\cygwin64\bin\g++.exe -Wl,--whole-archive CMakeFiles\cmTC_7024a.dir/objects.a -Wl,--no-whole-archive -o cmTC_7024a.exe -Wl,--out-implib,libcmTC_7024a.dll.a -Wl,--major-image-version,0,--minor-image-version,0



